2026-02-09 23:06:58,498 - INFO - 循环 1 | 多 | 1509ms
2026-02-09 23:07:42,726 - INFO - 循环 2 | 空 | 1571ms
2026-02-09 23:08:23,812 - INFO - 循环 3 | 空 | 2001ms
2026-02-09 23:08:34,387 - INFO - 循环 4 | 空 | 2587ms
2026-02-09 23:09:06,200 - INFO - 循环 5 | 多 | 3606ms
2026-02-09 23:09:09,838 - INFO - 循环 6 | 空 | 1569ms
2026-02-09 23:09:11,964 - INFO - 循环 7 | 空 | 1566ms
2026-02-09 23:30:07,523 - INFO - 📡 Telegram 回调轮询已启动
2026-02-09 23:30:41,825 - INFO - ⏸️ 已暂停交易
2026-02-09 23:31:31,696 - INFO - 循环 1 | 空 | 2192ms
2026-02-09 23:39:44,033 - INFO - 📡 Telegram 回调轮询已启动
2026-02-09 23:40:07,602 - INFO - 循环 1 | 多 | 1275ms
2026-02-09 23:40:18,609 - INFO - ⏰ 定时已更新: True, 06:00 - 12:00
2026-02-09 23:40:55,804 - INFO - ⏰ 定时已更新: False, 00:00 - 23:59
2026-02-09 23:41:08,533 - INFO - 📡 Telegram 回调轮询已启动
2026-02-09 23:41:14,289 - INFO - 循环 1 | 空 | 1155ms
2026-02-09 23:41:48,582 - INFO - ⏸️ 已暂停交易
2026-02-09 23:41:58,783 - WARNING - 📊 磨损过高: ¥0.54/万 > ¥0.4/万，切换账号...
2026-02-09 23:41:58,783 - INFO - 📊 账号切换 [账号1] 原因: 磨损过高(¥0.54/万)
2026-02-09 23:41:58,783 - INFO -    统计: 循环 2 | 盈亏: $-0.1194 | 磨损: ¥0.54/万
2026-02-09 23:41:58,783 - INFO -    成交量: $2,220.51 | 方向: 多0 空2
2026-02-09 23:42:05,046 - INFO - 📡 Telegram 回调轮询已启动
2026-02-09 23:42:52,737 - WARNING - 📊 磨损过高: ¥0.77/万 > ¥0.4/万，切换账号...
2026-02-09 23:42:52,737 - INFO - 📊 账号切换 [账号2] 原因: 磨损过高(¥0.77/万)
2026-02-09 23:42:52,738 - INFO -    统计: 循环 1 | 盈亏: $-0.0857 | 磨损: ¥0.77/万
2026-02-09 23:42:52,738 - INFO -    成交量: $1,111.07 | 方向: 多1 空0
2026-02-09 23:43:21,107 - INFO - 📡 Telegram 回调轮询已启动
2026-02-09 23:55:40,364 - INFO - 📡 Telegram 回调轮询已启动
2026-02-09 23:55:55,578 - INFO - 📡 Telegram 回调轮询已启动
2026-02-09 23:56:03,308 - INFO - 循环 1 | 多 | 1139ms
2026-02-09 23:56:05,111 - INFO - 循环 2 | 空 | 1411ms
2026-02-09 23:56:07,701 - INFO - 循环 3 | 多 | 1156ms
2026-02-09 23:56:28,176 - INFO - 循环 4 | 多 | 2174ms
2026-02-09 23:56:29,410 - INFO - ⏰ 定时已更新: True, 16:00 - 18:00
2026-02-09 23:56:40,673 - INFO - ⏰ 定时已更新: True, 00:00 - 23:59
2026-02-10 00:08:02,321 - INFO - 📡 Telegram 回调轮询已启动
2026-02-10 00:08:47,117 - INFO - 循环 1 | 多 | 2053ms
2026-02-10 00:08:51,574 - INFO - 循环 2 | 空 | 1199ms
2026-02-10 00:08:56,809 - INFO - 循环 3 | 多 | 1224ms
2026-02-10 00:08:58,768 - INFO - 循环 4 | 多 | 1181ms
2026-02-10 00:09:33,706 - INFO - ⏸️ 已暂停交易
2026-02-10 00:16:11,894 - ERROR - 保存定时配置失败: 'WebSocketScalper' object has no attribute 'schedule_config_file'
2026-02-10 00:16:17,210 - INFO - 📡 Telegram 回调轮询已启动
2026-02-10 00:16:24,053 - INFO - 循环 1 | 空 | 1266ms
2026-02-10 00:16:26,502 - INFO - 循环 2 | 多 | 1298ms
2026-02-10 00:16:33,054 - INFO - 💾 定时配置已保存: 0/24小时
2026-02-10 00:16:47,816 - INFO - 💾 定时配置已保存: 1/24小时
2026-02-10 00:16:51,745 - INFO - 💾 定时配置已保存: 2/24小时
2026-02-10 00:16:56,547 - INFO - 💾 定时配置已保存: 3/24小时
2026-02-10 00:17:00,511 - INFO - 💾 定时配置已保存: 4/24小时
2026-02-10 00:17:04,510 - INFO - 💾 定时配置已保存: 5/24小时
2026-02-10 00:17:08,323 - INFO - 💾 定时配置已保存: 6/24小时
2026-02-10 00:18:14,973 - INFO - 📂 已加载定时配置: 6/24小时
2026-02-10 00:18:18,990 - INFO - 📡 Telegram 回调轮询已启动
2026-02-10 00:27:27,289 - INFO - 📂 已加载定时配置: 6/24小时
2026-02-10 00:27:34,064 - INFO - 📡 Telegram 回调轮询已启动
2026-02-10 00:28:42,128 - INFO - ⏸️ 已暂停交易
2026-02-10 00:30:55,865 - INFO - 📂 已加载定时配置: 6/24小时
2026-02-10 00:31:00,489 - INFO - 📡 Telegram 回调轮询已启动
2026-02-11 15:01:42,989 - INFO - 📂 已加载定时配置: 6/24小时
2026-02-11 15:01:50,963 - INFO - 📡 Telegram 回调轮询已启动
2026-02-12 22:27:53,158 - INFO - 📂 已加载定时配置: 6/24小时
2026-02-12 22:28:00,044 - INFO - 📡 Telegram 回调轮询已启动
